[2025-02-22 19:51:48] [INFO] 認証プロセスを開始します...
[2025-02-22 19:51:48] [INFO] グローバル管理者アカウントでサインインしてください。
[2025-02-22 19:51:48] [INFO] 1. Microsoftアカウント（例: username@mirai-const.co.jp）を入力
[2025-02-22 19:51:48] [INFO] 2. HENGEONEのパスワードを入力
[2025-02-22 19:52:58] [ERROR] 認証プロセスでエラーが発生しました: InteractiveBrowserCredential authentication failed: User canceled authentication. 
[2025-02-22 19:52:58] [ERROR] エラーが発生しました: Microsoft Graph API への接続に失敗しました。
[2025-02-22 19:52:58] [ERROR] エラーの種類: AuthenticationFailedException
[2025-02-22 19:52:58] [ERROR] エラーメッセージ: InteractiveBrowserCredential authentication failed: User canceled authentication. 
[2025-02-22 19:52:58] [ERROR] 発生場所: At C:\kitting\OneDrive運用ツール\OneDriveStatusCheckLatestVersion20250220.ps1:263 char:17
+                 Connect-MgGraph @connectParams
+                 ~~~~~~~~~~~~~~~~~~~~~~~~~~~~~~
[2025-02-22 19:52:58] [ERROR] 内部エラー: User canceled authentication. 
[2025-02-22 19:52:58] [ERROR] スタックトレース:
at Connect-MgGraphSafely, C:\kitting\OneDrive運用ツール\OneDriveStatusCheckLatestVersion20250220.ps1: line 263
at <ScriptBlock>, C:\kitting\OneDrive運用ツール\OneDriveStatusCheckLatestVersion20250220.ps1: line 281
at <ScriptBlock>, <No file>: line 1
[2025-02-22 19:52:58] [ERROR] Microsoft Graph API への接続でエラーが発生しました: InteractiveBrowserCredential authentication failed: User canceled authentication. 
[2025-02-22 19:52:58] [ERROR] 
==== エラーサマリー ====
[2025-02-22 19:52:58] [ERROR] 発生したエラーの総数: 2
[2025-02-22 19:52:58] [ERROR] 詳細なエラーログは以下のファイルを確認してください:
[2025-02-22 19:52:58] [ERROR] C:\kitting\OneDrive運用ツール\OneDriveStatus_20250222195148.log
